# JRE version: OpenJDK Runtime Environment (21.0.2+13) (build 21.0.2+13-58)
# Java VM: OpenJDK 64-Bit Server VM (21.0.2+13-58, mixed mode, emulated-client, sharing, tiered, compressed oops, compressed class ptrs, g1 gc, windows-amd64)
GC Precious Log:
 CardTable entry size: 512
 Card Set container configuration: InlinePtr #cards 4 size 8 Array Of Cards #cards 16 size 48 Howl #buckets 8 coarsen threshold 3686 Howl Bitmap #cards 512 size 80 coarsen threshold 460 Card regions per heap region 1 cards per card region 4096
 CPUs: 12 total, 12 available
 Memory: 16273M
 Large Page Support: Disabled
 NUMA Support: Disabled
 Compressed Oops: Enabled (Zero based)
 Heap Region Size: 2M
 Heap Min Capacity: 8M
 Heap Initial Capacity: 256M
 Heap Max Capacity: 4070M
 Pre-touch: Disabled
 Parallel Workers: 10
 Concurrent Workers: 3
 Concurrent Refinement Workers: 10
 Periodic GC: Disabled
Heap:
 garbage-first heap   total 61440K, used 38912K [0x0000000701a00000, 0x0000000800000000)
  region size 2048K, 7 young (14336K), 2 survivors (4096K)
 Metaspace       used 67883K, committed 68608K, reserved 1114112K
  class space    used 9905K, committed 10240K, reserved 1048576K
GC Heap History (20 events):
Event: 1.215 GC heap before
{Heap before GC invocations=2 (full 0):
 garbage-first heap   total 262144K, used 52527K [0x0000000701a00000, 0x0000000800000000)
  region size 2048K, 23 young (47104K), 1 survivors (2048K)
 Metaspace       used 21237K, committed 21504K, reserved 1114112K
  class space    used 2857K, committed 3008K, reserved 1048576K
}
Event: 1.218 GC heap after
{Heap after GC invocations=3 (full 0):
 garbage-first heap   total 262144K, used 13474K [0x0000000701a00000, 0x0000000800000000)
  region size 2048K, 3 young (6144K), 3 survivors (6144K)
 Metaspace       used 21237K, committed 21504K, reserved 1114112K
  class space    used 2857K, committed 3008K, reserved 1048576K
}
Event: 1.505 GC heap before
{Heap before GC invocations=4 (full 0):
 garbage-first heap   total 61440K, used 44194K [0x0000000701a00000, 0x0000000800000000)
  region size 2048K, 18 young (36864K), 3 survivors (6144K)
 Metaspace       used 24686K, committed 25152K, reserved 1114112K
  class space    used 3369K, committed 3584K, reserved 1048576K
}
Event: 1.510 GC heap after
{Heap after GC invocations=5 (full 0):
 garbage-first heap   total 61440K, used 15606K [0x0000000701a00000, 0x0000000800000000)
  region size 2048K, 2 young (4096K), 2 survivors (4096K)
 Metaspace       used 24686K, committed 25152K, reserved 1114112K
  class space    used 3369K, committed 3584K, reserved 1048576K
}
Event: 1.816 GC heap before
{Heap before GC invocations=5 (full 0):
 garbage-first heap   total 61440K, used 44278K [0x0000000701a00000, 0x0000000800000000)
  region size 2048K, 16 young (32768K), 2 survivors (4096K)
 Metaspace       used 29713K, committed 30272K, reserved 1114112K
  class space    used 4135K, committed 4416K, reserved 1048576K
}
Event: 1.821 GC heap after
{Heap after GC invocations=6 (full 0):
 garbage-first heap   total 61440K, used 19014K [0x0000000701a00000, 0x0000000800000000)
  region size 2048K, 2 young (4096K), 2 survivors (4096K)
 Metaspace       used 29713K, committed 30272K, reserved 1114112K
  class space    used 4135K, committed 4416K, reserved 1048576K
}
Event: 2.282 GC heap before
{Heap before GC invocations=6 (full 0):
 garbage-first heap   total 61440K, used 43590K [0x0000000701a00000, 0x0000000800000000)
  region size 2048K, 16 young (32768K), 2 survivors (4096K)
 Metaspace       used 35594K, committed 36160K, reserved 1114112K
  class space    used 4842K, committed 5120K, reserved 1048576K
}
Event: 2.284 GC heap after
{Heap after GC invocations=7 (full 0):
 garbage-first heap   total 61440K, used 20994K [0x0000000701a00000, 0x0000000800000000)
  region size 2048K, 2 young (4096K), 2 survivors (4096K)
 Metaspace       used 35594K, committed 36160K, reserved 1114112K
  class space    used 4842K, committed 5120K, reserved 1048576K
}
Event: 2.748 GC heap before
{Heap before GC invocations=8 (full 0):
 garbage-first heap   total 61440K, used 47618K [0x0000000701a00000, 0x0000000800000000)
  region size 2048K, 15 young (30720K), 2 survivors (4096K)
 Metaspace       used 42868K, committed 43456K, reserved 1114112K
  class space    used 5973K, committed 6272K, reserved 1048576K
}
Event: 2.750 GC heap after
{Heap after GC invocations=9 (full 0):
 garbage-first heap   total 61440K, used 22422K [0x0000000701a00000, 0x0000000800000000)
  region size 2048K, 2 young (4096K), 2 survivors (4096K)
 Metaspace       used 42868K, committed 43456K, reserved 1114112K
  class space    used 5973K, committed 6272K, reserved 1048576K
}
Event: 3.083 GC heap before
{Heap before GC invocations=9 (full 0):
 garbage-first heap   total 61440K, used 46998K [0x0000000701a00000, 0x0000000800000000)
  region size 2048K, 15 young (30720K), 2 survivors (4096K)
 Metaspace       used 50327K, committed 50944K, reserved 1114112K
  class space    used 7029K, committed 7296K, reserved 1048576K
}
Event: 3.086 GC heap after
{Heap after GC invocations=10 (full 0):
 garbage-first heap   total 61440K, used 23204K [0x0000000701a00000, 0x0000000800000000)
  region size 2048K, 2 young (4096K), 2 survivors (4096K)
 Metaspace       used 50327K, committed 50944K, reserved 1114112K
  class space    used 7029K, committed 7296K, reserved 1048576K
}
Event: 3.431 GC heap before
{Heap before GC invocations=10 (full 0):
 garbage-first heap   total 61440K, used 51876K [0x0000000701a00000, 0x0000000800000000)
  region size 2048K, 16 young (32768K), 2 survivors (4096K)
 Metaspace       used 56825K, committed 57472K, reserved 1114112K
  class space    used 8080K, committed 8320K, reserved 1048576K
}
Event: 3.433 GC heap after
{Heap after GC invocations=11 (full 0):
 garbage-first heap   total 61440K, used 25414K [0x0000000701a00000, 0x0000000800000000)
  region size 2048K, 2 young (4096K), 2 survivors (4096K)
 Metaspace       used 56825K, committed 57472K, reserved 1114112K
  class space    used 8080K, committed 8320K, reserved 1048576K
}
Event: 3.601 GC heap before
{Heap before GC invocations=11 (full 0):
 garbage-first heap   total 61440K, used 37702K [0x0000000701a00000, 0x0000000800000000)
  region size 2048K, 9 young (18432K), 2 survivors (4096K)
 Metaspace       used 59752K, committed 60416K, reserved 1114112K
  class space    used 8552K, committed 8896K, reserved 1048576K
}
Event: 3.603 GC heap after
{Heap after GC invocations=12 (full 0):
 garbage-first heap   total 61440K, used 26860K [0x0000000701a00000, 0x0000000800000000)
  region size 2048K, 2 young (4096K), 2 survivors (4096K)
 Metaspace       used 59752K, committed 60416K, reserved 1114112K
  class space    used 8552K, committed 8896K, reserved 1048576K
}
Event: 3.856 GC heap before
{Heap before GC invocations=13 (full 0):
 garbage-first heap   total 61440K, used 49388K [0x0000000701a00000, 0x0000000800000000)
  region size 2048K, 14 young (28672K), 2 survivors (4096K)
 Metaspace       used 63618K, committed 64320K, reserved 1114112K
  class space    used 9310K, committed 9664K, reserved 1048576K
}
Event: 3.858 GC heap after
{Heap after GC invocations=14 (full 0):
 garbage-first heap   total 61440K, used 28909K [0x0000000701a00000, 0x0000000800000000)
  region size 2048K, 2 young (4096K), 2 survivors (4096K)
 Metaspace       used 63618K, committed 64320K, reserved 1114112K
  class space    used 9310K, committed 9664K, reserved 1048576K
}
Event: 4.054 GC heap before
{Heap before GC invocations=14 (full 0):
 garbage-first heap   total 61440K, used 51437K [0x0000000701a00000, 0x0000000800000000)
  region size 2048K, 13 young (26624K), 2 survivors (4096K)
 Metaspace       used 66048K, committed 66816K, reserved 1114112K
  class space    used 9658K, committed 9984K, reserved 1048576K
}
Event: 4.058 GC heap after
{Heap after GC invocations=15 (full 0):
 garbage-first heap   total 61440K, used 30720K [0x0000000701a00000, 0x0000000800000000)
  region size 2048K, 2 young (4096K), 2 survivors (4096K)
 Metaspace       used 66048K, committed 66816K, reserved 1114112K
  class space    used 9658K, committed 9984K, reserved 1048576K
}

